=============================================================================

WebMaker wmgraph started on Fri Feb 24 11:18:04 MST 1995
Command line executed:
/usr/local/bin/wmgraph -n SEACAS_Overview.06_94

! WebMaker/graphics/log: checking if all conversion tools are installed.
! WebMaker/graphics/log: check successfully completed.
! WebMaker/graphics/info: using FrameMaker version 4
! WebMaker/graphics/info: using Gnu Awk (gawk) 2.15, patchlevel 2
! WebMaker/graphics/info: using Ghostscript 2.6.1 (5/28/93)


! WebMaker/graphics/log: working on file SEACAS_Overview.06_94_AFrame_1.MIF
! WebMaker/graphics/log: converting file SEACAS_Overview.06_94_AFrame_1.MIF to PS
! WebMaker/graphics/log: converting file SEACAS_Overview.06_94_AFrame_1.ps to PPM
! WebMaker/graphics/log: converting file SEACAS_Overview.06_94_AFrame_1.ppm to GIF
pnmcrop: cropping 898 rows off the top
pnmcrop: cropping 16 rows off the bottom
pnmcrop: cropping 8 cols off the left
pnmcrop: cropping 731 cols off the right
ppmquant: making histogram...
ppmquant: 2 colors found
ppmquant: choosing 256 colors...
ppmquant: mapping image to new colors...
ppmtogif: computing colormap...
ppmtogif: 2 colors found
! WebMaker/graphics/log: generated file SEACAS_Overview.06_94_AFrame_1.gif

! WebMaker/graphics/log: working on file SEACAS_Overview.06_94_AFrame_4.MIF
! WebMaker/graphics/log: converting file SEACAS_Overview.06_94_AFrame_4.MIF to PS
! WebMaker/graphics/log: converting file SEACAS_Overview.06_94_AFrame_4.ps to PPM
! WebMaker/graphics/log: converting file SEACAS_Overview.06_94_AFrame_4.ppm to GIF
pnmcrop: cropping 847 rows off the top
pnmcrop: cropping 32 rows off the bottom
pnmcrop: cropping 5 cols off the left
pnmcrop: cropping 737 cols off the right
ppmquant: making histogram...
ppmquant: 2 colors found
ppmquant: choosing 256 colors...
ppmquant: mapping image to new colors...
ppmtogif: computing colormap...
ppmtogif: 2 colors found
! WebMaker/graphics/log: generated file SEACAS_Overview.06_94_AFrame_4.gif

! WebMaker/graphics/log: working on file SEACAS_Overview.06_94_AFrame_13.MIF
! WebMaker/graphics/log: converting file SEACAS_Overview.06_94_AFrame_13.MIF to PS
! WebMaker/graphics/log: converting file SEACAS_Overview.06_94_AFrame_13.ps to PPM
! WebMaker/graphics/log: converting file SEACAS_Overview.06_94_AFrame_13.ppm to GIF
pnmcrop: cropping 712 rows off the top
pnmcrop: cropping 19 rows off the bottom
pnmcrop: cropping 6 cols off the left
pnmcrop: cropping 728 cols off the right
ppmquant: making histogram...
ppmquant: 2 colors found
ppmquant: choosing 256 colors...
ppmquant: mapping image to new colors...
ppmtogif: computing colormap...
ppmtogif: 2 colors found
! WebMaker/graphics/log: generated file SEACAS_Overview.06_94_AFrame_13.gif

! WebMaker/graphics/log: working on file SEACAS_Overview.06_94_Tbl_30.MIF
! WebMaker/graphics/log: converting file SEACAS_Overview.06_94_Tbl_30.MIF to PS
! WebMaker/graphics/error/info: the file SEACAS_Overview.06_94_Tbl_30.MIF generated more than one page
! WebMaker/graphics/error/info: the SEACAS_Overview.06_94_Tbl_30.ps was produced in Postscript, instead of the requested format.
