TeX Version 3.14.2, ArborText, Inc. (preloaded format=sandia 91.9.30)  23 JUN 1997 11:18
**&sandia mod1.tex
(mod1.tex
LaTeX Version 2.09 <14 Jan 1991>
Sandia Version 1.14 <14 Nov 1990> see TEX$FORMATS:SANDIA.TEX
(/usr/local/pub/tex/sandia/inputs/smemo.sty
Document Style 'smemo'. Version 1.5 <26 Apr 1994>
) (mod1.aux)
Underfull \hbox (badness 10000) in paragraph at lines 61--62


\hbox(0.0+0.0)x392.93811
.\glue(\rightskip) 0.0

[1]
! Undefined control sequence.
l.98 \cmd{DAMKE} = \sfrac
                         1/2 \left(m v_y^2 + I \omega^2\right)
? 
[2] [3
Figure 1
] (mod1.aux) ) 
Here is how much of TeX's memory you used:
 44 strings out of 3727
 250 string characters out of 80920
 33862 words of memory out of 300001
 2215 multiletter control sequences out of 9500
 20928 words of font info for 79 fonts, out of 100000 for 255
 14 hyphenation exceptions out of 809
 12i,8n,14p,263b,188s stack positions out of 400i,255n,60p,2047b,4800s

Output written on mod1.dvi (3 pages, 8868 bytes).
