\hrule
\begin{verbatim}
 SLAPDOWN, Revised: EXPRMNTL
 Run on 11/05/87 at 16:17:55
 Compiled on a VAX 8600 using VMS 4.3.

 TITLE: M140 - TOP END HIT - LIN ELAS NOSE SPRING

 ****** NOSE PROPERTIES ******

 LENGTH FROM NOSE TO CG (Z1)            8.000E+01
 RADIUS OF CASK AT NOSE (R1)            5.995E+01
 SQUARE END
 COEFFICIENT OF FRICTION AT NOSE (CF1)  0.000E+00

        NOSE SPRING DEFINITION

        DISPLACEMENT     FORCE
          0.000E+00    0.000E+00
          1.000E+01    5.750E+08

 UNLOAD ELASTICALLY ALONG SPRING CURVE

 ****** TAIL PROPERTIES ******

 LENGTH FROM TAIL TO CG (Z2)            8.835E+01
 RADIUS OF CASK AT TAIL (R2)            4.900E+01
 COEFFICIENT OF FRICTION AT TAIL (CF2)  0.000E+00

        TAIL SPRING DEFINITION

        DISPLACEMENT     FORCE
          0.000E+00    0.000E+00
          1.000E-01    2.280E+07
          1.000E+01    1.000E+08

 UNLOAD ELASTICALLY ALONG SPRING CURVE

 ****** MASS, MOMENT OF INERTIA, AND INITIAL CONDITION DATA ******

 MASS OF BODY                           8.398E+02
 MOMENT OF INERTIA                      3.287E+06
 RADIUS OF GYRATION                     6.256E+01
 INITIAL VERTICAL VELOCITY (pos. up)   -5.275E+02
 INITIAL ANGLE (positve CCW)            1.000E+01
 TIME STEP SCALE FACTOR                 1.000E-02
 FRICTION SCALE FACTOR                  0.000E+00
 WRITE PLOT DATA EVERY 1000 STEPS
 TIP VELOCITY RATIO ESTIMATE            1.612E+00
\end{verbatim}
\hrule
