
       SSSSSS  LL        AAAAA   PPPPPP   DDDDDD    OOOOO   WW   WW  N    NN 
      SS       LL       AA   AA  PP   PP  DD   DD  OO   OO  WW   WW  NN   NN 
      SS       LL       AA   AA  PP   PP  DD   DD  OO   OO  WW   WW  NNN  NN 
       SSSSS   LL       AAAAAAA  PPPPPP   DD   DD  OO   OO  WW   WW  NN N NN 
           SS  LL       AA   AA  PP       DD   DD  OO   OO  WW W WW  NN  NNN 
           SS  LL       AA   AA  PP       DD   DD  OO   OO  WWWWWWW  NN   NN 
      SSSSSS   LLLLLLL  AA   AA  PP       DDDDDD    OOOOO    WW WW   NN    N 



                   A RIGID BODY DYNAMICS CODE 
                   SLAPDOWN, Version: 10/31/88

                   Run on 04/03/89 at 14:48:19
                   Run on a VAX 8700 with VMS 4.5

 TITLE: M140 - TOP END HIT - LIN ELAS NOSE SPRING

 ****** NOSE PROPERTIES ******

 LENGTH FROM NOSE TO CG (Z1)            8.000E+01
 RADIUS OF CASK AT NOSE (R1)            5.995E+01
 SQUARE END
 COEFFICIENT OF FRICTION AT NOSE (CF1)  0.000E+00

        NOSE SPRING DEFINITION

        DISPLACEMENT     FORCE
          0.000E+00    0.000E+00
          1.000E+01    5.750E+08

 UNLOAD ELASTICALLY ALONG SPRING CURVE


 ****** TAIL PROPERTIES ******

 LENGTH FROM TAIL TO CG (Z2)            8.835E+01
 RADIUS OF CASK AT TAIL (R2)            4.900E+01
 COEFFICIENT OF FRICTION AT TAIL (CF2)  0.000E+00
 ROUND END

        TAIL SPRING DEFINITION

        DISPLACEMENT     FORCE
          0.000E+00    0.000E+00
          1.000E-01    2.280E+07
          1.000E+01    1.000E+08

 UNLOAD ELASTICALLY ALONG SPRING CURVE


 ****** MASS, MOMENT OF INERTIA, AND INITIAL CONDITION DATA ******

 MASS OF BODY                           8.398E+02
 MOMENT OF INERTIA                      3.287E+06
 RADIUS OF GYRATION                     6.256E+01
 INITIAL VERTICAL VELOCITY (pos. up)   -5.275E+02
 GRAVITATIONAL ACCELERATION (pos. up)  -3.864E+03
 INITIAL ANGLE (positve CCW)            1.000E+01

 TIME STEP SCALE FACTOR                 1.000E-02
 FRICTION SCALE FACTOR                  0.000E+00
 WRITE PLOT DATA EVERY STEP
 TIP VELOCITY RATIO ESTIMATE            1.612E+00
1 ****** S L A P D O W N ******

 M140 - TOP END HIT - LIN ELAS NOSE SPRING                               

 ****** SEQUENCE OF EVENTS ******

 ** NOSE HIT     AT TIME  0.000E+00, VELOCITY = -5.275E+02, RATIO =  1.00
 ** NOSE REBOUND AT TIME  4.080E-03, VELOCITY =  4.453E+01, RATIO = -0.08
 ** NOSE UNLOAD  AT TIME  8.093E-03, VELOCITY =  6.159E+02, RATIO = -1.17
 ** TAIL HIT     AT TIME  4.556E-02, VELOCITY = -9.655E+02, RATIO =  1.83


 ****** RESULTS ******

 Event over at time    5.251E-02, Time step size  2.193E-05
 Time step multiplier  1.000E-02, 2395 Plot times written to database


            DISPLACEMENT     VELOCITY     ACCELERATION

    NOSE      1.384E+00      6.159E+02      2.230E+05 (MAX)
                            -5.275E+02     -4.794E+04 (MIN)

    TAIL      3.778E+00      3.949E-01      1.738E+05 (MAX)
                            -9.655E+02     -5.511E+04 (MIN)

      CG                     9.903E+01      9.089E+04 (MAX)
                            -5.277E+02     -3.864E+03 (MIN)

 ANGULAR                     0.000E+00      1.350E+03 (MAX)
                            -8.651E+00     -1.672E+03 (MIN)

 MAXIMUM ENERGIES:  5.506E+07 (NOSE),  1.378E+08 (TAIL)
  6.360E+00 Seconds of CPU time used.
