


 SLAPDOWN, Revised: 11/06/87

 Run on 11/06/87 at 12:54:43
 Compiled on a VAX 8600 using VMS 4.3.

 TITLE: test

 ****** NOSE PROPERTIES ******

 LENGTH FROM NOSE TO CG (Z1)            3.000E+01
 RADIUS OF CASK AT NOSE (R1)            5.000E+00
 ROUND END
 COEFFICIENT OF FRICTION AT NOSE (CF1)  0.000E+00

        NOSE SPRING DEFINITION

        DISPLACEMENT     FORCE
          0.000E+00    0.000E+00
          5.000E+00    1.000E+05

 UNLOAD ELASTICALLY ALONG SPRING CURVE


 ****** TAIL PROPERTIES ******

 LENGTH FROM TAIL TO CG (Z2)            3.000E+01
 RADIUS OF CASK AT TAIL (R2)            5.000E+00
 COEFFICIENT OF FRICTION AT TAIL (CF2)  0.000E+00

        TAIL SPRING DEFINITION

        DISPLACEMENT     FORCE
          0.000E+00    0.000E+00
          1.000E+00    2.000E+04
          1.000E+01    2.000E+04

 UNLOADING MODULUS FOR TAIL SPRING      2.000E+04


 ****** MASS, MOMENT OF INERTIA, AND INITIAL CONDITION DATA ******

 MASS OF BODY                           1.000E+02
 MOMENT OF INERTIA                      1.000E+04
 RADIUS OF GYRATION                     1.000E+01
 INITIAL VERTICAL VELOCITY (pos. up)   -1.000E+02
 INITIAL ANGLE (positve CCW)            1.430E+01

 TIME STEP SCALE FACTOR                 1.000E-03
 FRICTION SCALE FACTOR                  0.000E+00
 WRITE PLOT DATA EVERY   10 STEPS
 TIP VELOCITY RATIO ESTIMATE            2.600E+00
1 ****** S L A P D O W N ******

 test                                                                    

 ****** SEQUENCE OF EVENTS ******

 ** NOSE HIT     AT TIME  0.000E+00, VELOCITY = -1.000E+02
 ** NOSE REBOUND AT TIME  3.590E-02, VELOCITY =  1.460E-01
 ** NOSE UNLOAD  AT TIME  7.100E-02, VELOCITY =  1.036E+02
 ** TAIL HIT     AT TIME  7.893E-02, VELOCITY = -2.622E+02
 ---EXCESSIVE DISPLACEMENTS---


 ****** RESULTS ******

 Event over at time    1.246E-01, Time step size  3.333E-05
 Time step multiplier  1.000E-03,  374 Plot times written to database


            DISPLACEMENT     VELOCITY     ACCELERATION

    NOSE      2.293E+00      1.037E+02      4.470E+03 (MAX)
                            -1.000E+02     -1.667E+03 (MIN)

    TAIL      1.000E+01     -1.000E+02      2.067E+03 (MAX)
                            -2.622E+02     -3.554E+03 (MIN)

      CG                    -7.050E+01      4.585E+02 (MAX)
                            -1.000E+02      0.000E+00 (MIN)

 ANGULAR                     0.000E+00      5.996E+01 (MAX)
                            -6.099E+00     -1.346E+02 (MIN)
